<?xml version="1.0" encoding="UTF-8"?>
<!-- Generated by org.testng.reporters.JUnitReportReporter -->
<testsuite skipped="0" hostname="DESKTOP-FH7UQU6" name="com.primepenguin.test.WooCommerceTest" tests="2" failures="0" timestamp="2022-02-17T14:49:52 IST" time="56.026" errors="0">
  <testcase name="testWooCommerceLogin" time="13.252" classname="com.primepenguin.test.WooCommerceTest"/>
  <testcase name="testCreateWooCommerceSimpleProductOrder" time="42.774" classname="com.primepenguin.test.WooCommerceTest"/>
</testsuite> <!-- com.primepenguin.test.WooCommerceTest -->
