<?xml version="1.0" encoding="UTF-8"?>
<!-- Generated by org.testng.reporters.JUnitReportReporter -->
<testsuite skipped="15" hostname="DESKTOP-FH7UQU6" name="com.primepenguin.test.PPShopifySaleChannelTest" tests="16" failures="0" timestamp="2021-12-13T21:06:40 IST" time="3.404" errors="1">
  <testcase name="testPrimePenguinLogin" time="3.404" classname="com.primepenguin.test.PPShopifySaleChannelTest">
    <error type="java.lang.NullPointerException">
      <![CDATA[java.lang.NullPointerException
at com.primepenguin.service.LoginPageService.loginToPrimePenguin(LoginPageService.java:29)
at com.primepenguin.test.PPShopifySaleChannelTest.testPrimePenguinLogin(PPShopifySaleChannelTest.java:44)
at sun.reflect.NativeMethodAccessorImpl.invoke0(Native Method)
at sun.reflect.NativeMethodAccessorImpl.invoke(Unknown Source)
at sun.reflect.DelegatingMethodAccessorImpl.invoke(Unknown Source)
at java.lang.reflect.Method.invoke(Unknown Source)
at org.testng.internal.MethodInvocationHelper.invokeMethod(MethodInvocationHelper.java:133)
at org.testng.internal.TestInvoker.invokeMethod(TestInvoker.java:584)
at org.testng.internal.TestInvoker.invokeTestMethod(TestInvoker.java:172)
at org.testng.internal.MethodRunner.runInSequence(MethodRunner.java:46)
at org.testng.internal.TestInvoker$MethodInvocationAgent.invoke(TestInvoker.java:804)
at org.testng.internal.TestInvoker.invokeTestMethods(TestInvoker.java:145)
at org.testng.internal.TestMethodWorker.invokeTestMethods(TestMethodWorker.java:146)
at org.testng.internal.TestMethodWorker.run(TestMethodWorker.java:128)
at java.util.ArrayList.forEach(Unknown Source)
at org.testng.TestRunner.privateRun(TestRunner.java:770)
at org.testng.TestRunner.run(TestRunner.java:591)
at org.testng.SuiteRunner.runTest(SuiteRunner.java:402)
at org.testng.SuiteRunner.runSequentially(SuiteRunner.java:396)
at org.testng.SuiteRunner.privateRun(SuiteRunner.java:355)
at org.testng.SuiteRunner.run(SuiteRunner.java:304)
at org.testng.SuiteRunnerWorker.runSuite(SuiteRunnerWorker.java:53)
at org.testng.SuiteRunnerWorker.run(SuiteRunnerWorker.java:96)
at org.testng.TestNG.runSuitesSequentially(TestNG.java:1180)
at org.testng.TestNG.runSuitesLocally(TestNG.java:1102)
at org.testng.TestNG.runSuites(TestNG.java:1032)
at org.testng.TestNG.run(TestNG.java:1000)
at org.testng.remote.AbstractRemoteTestNG.run(AbstractRemoteTestNG.java:115)
at org.testng.remote.RemoteTestNG.initAndRun(RemoteTestNG.java:251)
at org.testng.remote.RemoteTestNG.main(RemoteTestNG.java:77)
]]>
    </error>
  </testcase> <!-- testPrimePenguinLogin -->
  <testcase name="testShopifyLogin" time="0.000" classname="com.primepenguin.test.PPShopifySaleChannelTest">
    <skipped/>
  </testcase> <!-- testShopifyLogin -->
  <testcase name="testShopifySaleChannelIntegration" time="0.000" classname="com.primepenguin.test.PPShopifySaleChannelTest">
    <skipped/>
  </testcase> <!-- testShopifySaleChannelIntegration -->
  <testcase name="testCreateOrderInShopify" time="0.000" classname="com.primepenguin.test.PPShopifySaleChannelTest">
    <skipped/>
  </testcase> <!-- testCreateOrderInShopify -->
  <testcase name="testIsOrderFetchedInPrimePenguin" time="0.000" classname="com.primepenguin.test.PPShopifySaleChannelTest">
    <skipped/>
  </testcase> <!-- testIsOrderFetchedInPrimePenguin -->
  <testcase name="testFetchPrimePenguinOrderID" time="0.000" classname="com.primepenguin.test.PPShopifySaleChannelTest">
    <skipped/>
  </testcase> <!-- testFetchPrimePenguinOrderID -->
  <testcase name="testDefaultProductMapping" time="0.000" classname="com.primepenguin.test.PPShopifySaleChannelTest">
    <skipped/>
  </testcase> <!-- testDefaultProductMapping -->
  <testcase name="testAuthenitcateAPI" time="0.000" classname="com.primepenguin.test.PPShopifySaleChannelTest">
    <skipped/>
  </testcase> <!-- testAuthenitcateAPI -->
  <testcase name="testCreateOrderFulfillmentAPI" time="0.000" classname="com.primepenguin.test.PPShopifySaleChannelTest">
    <skipped/>
  </testcase> <!-- testCreateOrderFulfillmentAPI -->
  <testcase name="testIsFulfillmentsCountUpdated" time="0.000" classname="com.primepenguin.test.PPShopifySaleChannelTest">
    <skipped/>
  </testcase> <!-- testIsFulfillmentsCountUpdated -->
  <testcase name="testIsOrderStatusUpdated" time="0.000" classname="com.primepenguin.test.PPShopifySaleChannelTest">
    <skipped/>
  </testcase> <!-- testIsOrderStatusUpdated -->
  <testcase name="testUpdateOrderFulfillmentStatusAPI" time="0.000" classname="com.primepenguin.test.PPShopifySaleChannelTest">
    <skipped/>
  </testcase> <!-- testUpdateOrderFulfillmentStatusAPI -->
  <testcase name="testIsOrderFulfilled" time="0.000" classname="com.primepenguin.test.PPShopifySaleChannelTest">
    <skipped/>
  </testcase> <!-- testIsOrderFulfilled -->
  <testcase name="testCreateOrderRefundAPI" time="0.000" classname="com.primepenguin.test.PPShopifySaleChannelTest">
    <skipped/>
  </testcase> <!-- testCreateOrderRefundAPI -->
  <testcase name="testIsRefundsCountUpdated" time="0.000" classname="com.primepenguin.test.PPShopifySaleChannelTest">
    <skipped/>
  </testcase> <!-- testIsRefundsCountUpdated -->
  <testcase name="testDeactivateShopifySaleChannelIntegration" time="0.000" classname="com.primepenguin.test.PPShopifySaleChannelTest">
    <skipped/>
  </testcase> <!-- testDeactivateShopifySaleChannelIntegration -->
</testsuite> <!-- com.primepenguin.test.PPShopifySaleChannelTest -->
