<?xml version="1.0" encoding="UTF-8"?>
<!-- Generated by org.testng.reporters.JUnitReportReporter -->
<testsuite skipped="0" hostname="DESKTOP-FH7UQU6" name="com.primepenguin.test.PPWooCommerceTest" tests="10" failures="0" timestamp="2022-02-17T15:06:45 IST" time="412.750" errors="0">
  <testcase name="testPrimePenguinLogin" time="28.596" classname="com.primepenguin.test.PPWooCommerceTest"/>
  <testcase name="testWooCommerceSalesChannelIntegration" time="49.293" classname="com.primepenguin.test.PPWooCommerceTest"/>
  <testcase name="testSaveDefaultProductMapping" time="15.533" classname="com.primepenguin.test.PPWooCommerceTest"/>
  <testcase name="testWooCommerceLogin" time="11.750" classname="com.primepenguin.test.PPWooCommerceTest"/>
  <testcase name="testCreateWooCommerceSimpleProductOrder" time="40.856" classname="com.primepenguin.test.PPWooCommerceTest"/>
  <testcase name="testIsOrderFetchedInPrimePenguin" time="131.205" classname="com.primepenguin.test.PPWooCommerceTest"/>
  <testcase name="testAuthenitcateAPI" time="6.410" classname="com.primepenguin.test.PPWooCommerceTest"/>
  <testcase name="testUpdateOrderFulfillmentStatusAPI" time="7.035" classname="com.primepenguin.test.PPWooCommerceTest"/>
  <testcase name="testIsOrderFulfilled" time="104.963" classname="com.primepenguin.test.PPWooCommerceTest"/>
  <testcase name="testDeactivateShopifySaleChannelIntegration" time="17.109" classname="com.primepenguin.test.PPWooCommerceTest"/>
</testsuite> <!-- com.primepenguin.test.PPWooCommerceTest -->
